<?xml version="1.0" encoding="UTF-8"?>
<testsuite xmlns:xsi="http://www.w3.org/2001/XMLSchema-instance" xsi:noNamespaceSchemaLocation="https://maven.apache.org/surefire/maven-surefire-plugin/xsd/surefire-test-report-3.0.xsd" version="3.0" name="org.app.service.JogoServiceTest" time="2.449" tests="12" errors="0" skipped="0" failures="0">
  <properties>
[...]
</properties>
  <testcase name="cadastrarJogoComTituloInvalidoDeveLancarExcecao" classname="org.app.service.JogoServiceTest" time="2.185">
    <system-err><![CDATA[WARNING: A Java agent has been loaded dynamically (C:\Users\Leandro Alencar\.m2\repository\net\bytebuddy\byte-buddy-agent\1.14.1\byte-buddy-agent-1.14.1.jar)
WARNING: If a serviceability tool is in use, please run with -XX:+EnableDynamicAgentLoading to hide this warning
WARNING: If a serviceability tool is not in use, please run with -Djdk.instrument.traceUsage for more information
WARNING: Dynamic loading of agents will be disallowed by default in a future release
]]></system-err>
  </testcase>
  <testcase name="cadastrarJogoComNotaInvalidaDeveLancarExcecao" classname="org.app.service.JogoServiceTest" time="0.024"/>
  <testcase name="deveBuscarJogoPorIdComSucesso" classname="org.app.service.JogoServiceTest" time="0.036"/>
  <testcase name="deletarJogoNaoExistenteDeveLancarExcecao" classname="org.app.service.JogoServiceTest" time="0.015"/>
  <testcase name="cadastrarJogoComGeneroInvalidoDeveLancarExcecao" classname="org.app.service.JogoServiceTest" time="0.009"/>
  <testcase name="buscarJogoPorIdNaoExistenteDeveLancarExcecao" classname="org.app.service.JogoServiceTest" time="0.01"/>
  <testcase name="deveAtualizarJogoComSucesso" classname="org.app.service.JogoServiceTest" time="0.053"/>
  <testcase name="cadastrarJogoComDataInvalidaDeveLancarExcecao" classname="org.app.service.JogoServiceTest" time="0.004"/>
  <testcase name="atualizarJogoNaoExistenteDeveLancarExcecao" classname="org.app.service.JogoServiceTest" time="0.005"/>
  <testcase name="deveListarJogos" classname="org.app.service.JogoServiceTest" time="0.01"/>
  <testcase name="deveCadastrarJogoComSucesso" classname="org.app.service.JogoServiceTest" time="0.009"/>
  <testcase name="deveDeletarJogoComSucesso" classname="org.app.service.JogoServiceTest" time="0.009"/>
</testsuite>